<?xml version="1.0" encoding="UTF-8"?>
<!-- Generated by org.testng.reporters.JUnitXMLReporter -->
<testsuite ignored="0" hostname="Debasish" failures="1" tests="3" name="Surefire test" time="50.964" errors="0" timestamp="2023-09-02T22:34:27 IST">
  <testcase classname="testCases.TC_001_AccountRegistrationTest" name="test_account_Registration" time="26.275">
    <failure type="java.lang.AssertionError" message="null">
      <![CDATA[java.lang.AssertionError: null
at testCases.TC_001_AccountRegistrationTest.test_account_Registration(TC_001_AccountRegistrationTest.java:57)
at java.base/java.util.ArrayList.forEach(ArrayList.java:1511)
... Removed 34 stack frames]]>
    </failure>
  </testcase> <!-- test_account_Registration -->
  <testcase classname="testCases.TC_002_LogInTest" name="LoginTest" time="6.711"/>
  <testcase classname="testCases.TC_LG_002LogOutTest" name="LogOutTest" time="6.682"/>
</testsuite> <!-- Surefire test -->
